1.11.35.1.20. TOADER Vasile 1510912170011 este titular și la alt rol de mai multe ori.
1.11.39.1.20. II SLIVNEANU Valentin 26625046CNP:"26625046" eronat. Mai puțin de 13 caractere.
1.11.6.1.20. II DICA Ioan- Gabriel 21142318CNP:"21142318" eronat. Mai puțin de 13 caractere.
1.11.8.1.20. IF DICA Constantin 1662243CNP:"1662243" eronat. Mai puțin de 13 caractere.
1.14.1.1.20. BERESCU Dan 1671002170018 este titular și la alt rol de mai multe ori.
1.14.44.1.20. PFA BOLEA Viorel 28714140CNP:"28714140" eronat. Mai puțin de 13 caractere.
1.15.30.1.20. DIACONU Maria 2400307170013 este titular și la alt rol de mai multe ori.
1.16.16.1.20. PFA CHIRILA Alexandrina 37524560CNP:"37524560" eronat. Mai puțin de 13 caractere.
1.16.48.1.20. MOCANU Georgeta 2491008170011 este titular și la alt rol de mai multe ori.
1.17.39.1.20. MUNTEANU Vergil 1691014170031 este titular și la alt rol de mai multe ori.
1.18.25.1.20. NITUC Georgeta 2430825170011 este titular și la alt rol de mai multe ori.
1.19.17.1.20. PFA ADAFINEI Nicolae 32693878CNP:"32693878" eronat. Mai puțin de 13 caractere.
1.2.1.1.20. BALAN Stefanache 1570507170321 este titular și la alt rol de mai multe ori.
1.25.40.1.20. ALBESCU Ion 1661017174892 este titular și la alt rol de mai multe ori.
1.25.44.1.20. DANDES Gabriela 2450524170014 este titular și la alt rol de mai multe ori.
1.26.2.1.20. MUNTEANU Ioan 1560312170019 este titular și la alt rol de mai multe ori.
1.26.24.1.20. GARCIU Gheorghe 1530216170011 este titular și la alt rol de mai multe ori.
1.27.32.1.20. MANOLE Emilia 2460719170018 este titular și la alt rol de mai multe ori.
1.28.36.1.19. LAZAR Teodor 1640615170018 este titular și la alt rol de mai multe ori.
1.28.45.1.20. ONICA Lenuta -Iulia 2850130170044 este titular și la alt rol de mai multe ori.
1.29.1.1.20. NITA Constanta 2420729170010 este titular și la alt rol de mai multe ori.
1.29.10.1.20. LAZAR Emil-Mihai 1570928170010 este titular și la alt rol de mai multe ori.
1.29.11.1.20. DICA Condela 2141103170011 este titular și la alt rol de mai multe ori.
1.29.12.1.20. BOTEZATU Ion 1380123170013 este titular și la alt rol de mai multe ori.
1.29.16.1.20. TOADER Toader 1610707170017 este titular și la alt rol de mai multe ori.
1.29.22.1.20. DONOSE Vasile 1620521170012 este titular și la alt rol de mai multe ori.
1.29.29.1.20. DATCU Marinica 1500818170014 este titular și la alt rol de mai multe ori.
1.29.4.1.20. LAZAR Ecaterina 2430212170016 este titular și la alt rol de mai multe ori.
1.29.46.1.20. SIMPETRU Dumitru 1401014170019 este titular și la alt rol de mai multe ori.
1.29.5.1.20. BOLEA Frasina 2390424170017 este titular și la alt rol de mai multe ori.
1.29.7.1.20. ARFIRE Toader 1300723170011 este titular și la alt rol de mai multe ori.
1.29.9.1.20. DATCU Gheorghe 1490415170019 este titular și la alt rol de mai multe ori.
1.3.32.1.20. TARANU Mardaria 2280101370038 este titular și la alt rol de mai multe ori.
1.3.44.1.20. NITA Gheorghe 1451023170012 este titular și la alt rol de mai multe ori.
1.3.47.1.20. TOADER Dumitra 2390108170016 este titular și la alt rol de mai multe ori.
1.30.11.1.20. PELENEAGRA Ecaterina 2370417170013 este titular și la alt rol de mai multe ori.
1.30.9.1.20. VELICHE Dumitru 1670715170024 este titular și la alt rol de mai multe ori.
1.31.1.1.20. TOADER Constantin 1490403170018 este titular și la alt rol de mai multe ori.
1.31.13.1.20. SIMPETRU Maria 2480613170014 este titular și la alt rol de mai multe ori.
1.31.24.1.20. COSTIN Victor 1350903292079 este titular și la alt rol de mai multe ori.
1.31.25.1.20. RADU Miltiade 1300327170016 este titular și la alt rol de mai multe ori.
1.31.29.1.20. TASCA Alexe 1390705170018 este titular și la alt rol de mai multe ori.
1.31.40.1.20. NITA Constanta 2420729170010 este titular și la alt rol de mai multe ori.
1.31.45.1.20. BOLEA Constantin 1420804170018 este titular și la alt rol de mai multe ori.
1.31.47.1.20. ENACHI Georgeta 2420202170012 este titular și la alt rol de mai multe ori.
1.32.10.1.20. TOADER Gheorghi 1490702170016 este titular și la alt rol de mai multe ori.
1.32.11.1.20. TABACARU Elisabeta 2400405170011 este titular și la alt rol de mai multe ori.
1.32.13.1.20. CONSTANTIN Gheorghe 1321028170015 este titular și la alt rol de mai multe ori.
1.32.14.1.20. CONSTANTIN Sanda 2431125170017 este titular și la alt rol de mai multe ori.
1.32.16.1.20. RINJA Dumitra 2391010170017 este titular și la alt rol de mai multe ori.
1.32.18.1.20. MANAU Antita 2401103170016 este titular și la alt rol de mai multe ori.
1.32.19.1.20. MANEA Toader 1491007170015 este titular și la alt rol de mai multe ori.
1.32.20.1.20. BERESCU Gheorghe 1570620170018 este titular și la alt rol de mai multe ori.
1.32.21.1.20. TOADER Dumitru 1440520170013 este titular și la alt rol de mai multe ori.
1.32.22.1.20. MANEA Vasilica 2360421170014 este titular și la alt rol de mai multe ori.
1.32.24.1.20. APOSTU Ion 1431224170016 este titular și la alt rol de mai multe ori.
1.32.25.1.20. BERESCU Gheorghe 1461010170017 este titular și la alt rol de mai multe ori.
1.32.3.1.20. CONSTANTIN Gheorghe 1440314170011 este titular și la alt rol de mai multe ori.
1.32.32.1.20. TOADER Ioana 2401112170019 este titular și la alt rol de mai multe ori.
1.32.34.1.20. COJOCARU Veronica 2430902170016 este titular și la alt rol de mai multe ori.
1.32.35.1.20. MARDARE Gheorghe 1270827170015 este titular și la alt rol de mai multe ori.
1.32.36.1.20. ANTONIU Stana 2350606170016 este titular și la alt rol de mai multe ori.
1.32.37.1.20. SAMPETRU Ioana 2270804170413 este titular și la alt rol de mai multe ori.
1.32.38.1.20. MANAU Ecaterina 2480527170017 este titular și la alt rol de mai multe ori.
1.32.4.1.20. IVASCU Constantin 1400619170013 este titular și la alt rol de mai multe ori.
1.32.41.1.20. SANDU Ioana 2690904170013 este titular și la alt rol de mai multe ori.
1.32.42.1.20. MARDARE Gheorghe 1561022170014 este titular și la alt rol de mai multe ori.
1.32.47.1.20. MUNTEANU Gheorghe 1350523170013 este titular și la alt rol de mai multe ori.
1.32.49.1.20. POPOIU Mihaita Dan 1711113170017 este titular și la alt rol de mai multe ori.
1.32.5.1.20. OLTEANU Gheorghe 1470307170019 este titular și la alt rol de mai multe ori.
1.32.7.1.20. DANDES Alexandru 1320317170017 este titular și la alt rol de mai multe ori.
1.33.11.1.20. NITA Constantin 1510116170011 este titular și la alt rol de mai multe ori.
1.33.13.1.20. MUNTEANU Ion 1540101170017 este titular și la alt rol de mai multe ori.
1.33.14.1.20. MOVILA Ecaterina 2240624170017 este titular și la alt rol de mai multe ori.
1.33.15.1.20. VELICHE Dumitru 1670715170024 este titular și la alt rol de mai multe ori.
1.33.18.1.20. NITUC Georgeta 2430825170011 este titular și la alt rol de mai multe ori.
1.33.2.1.20. SAMPETRU Maria 2281128170013 este titular și la alt rol de mai multe ori.
1.33.21.1.20. APOSTU Petrachi 1390826170314 este titular și la alt rol de mai multe ori.
1.33.23.1.20. BERESCU Gheorghe 1570620170018 este titular și la alt rol de mai multe ori.
1.33.26.1.20. NICHITA Vasilica 2090709170011 este titular și la alt rol de mai multe ori.
1.33.30.1.20. CONSTANTIN Cezar 1450729170013 este titular și la alt rol de mai multe ori.
1.33.31.1.20. NITUC Georgeta 2430825170011 este titular și la alt rol de mai multe ori.
1.33.32.1.20. DAVID Vasile 1510318170014 este titular și la alt rol de mai multe ori.
1.33.37.1.20. MOROIANU Ileana 2380726170015 este titular și la alt rol de mai multe ori.
1.33.38.1.20. DATCU Marinica 1500818170014 este titular și la alt rol de mai multe ori.
1.33.39.1.20. GHEORGHITA Costache 1190319170017 este titular și la alt rol de mai multe ori.
1.33.40.1.20. DICA Gheorghe 1451202170016 este titular și la alt rol de mai multe ori.
1.33.42.1.20. DANDES Gabriela 2450524170014 este titular și la alt rol de mai multe ori.
1.33.47.1.20. PELENEAGRA Neculina 2300427170011 este titular și la alt rol de mai multe ori.
1.33.48.1.20. MARCU Costica 1340925170015 este titular și la alt rol de mai multe ori.
1.33.49.1.20. SIMPETRU Maria 2401107170017 este titular și la alt rol de mai multe ori.
1.33.7.1.20. IVASCU Ion 1321118170013 este titular și la alt rol de mai multe ori.
1.33.8.1.20. BRATU Sanda 2370226170019 este titular și la alt rol de mai multe ori.
1.34.10.1.20. NEAMTU Ion 1481129170391 este titular și la alt rol de mai multe ori.
1.34.12.1.20. TOADER Toader 1610707170017 este titular și la alt rol de mai multe ori.
1.34.16.1.20. CANDIT Petrica 1430706170018 este titular și la alt rol de mai multe ori.
1.34.2.1.20. CIOLACU Panaite 1581101170010 este titular și la alt rol de mai multe ori.
1.34.21.1.20. DATCU Gheorghe 1490415170019 este titular și la alt rol de mai multe ori.
1.34.24.1.20. ROMAN Iulian 1680214170013 este titular și la alt rol de mai multe ori.
1.34.4.1.20. APOSTU Gheorghe 1770529170011 este titular și la alt rol de mai multe ori.
1.34.5.1.20. NASTASE Tanase 1350726170019 este titular și la alt rol de mai multe ori.
1.4.2.1.20. SAMPETRU Ioana 2270804170413 este titular și la alt rol de mai multe ori.
1.4.3.1.20. PAVEL Aurel 1321109170029 este titular și la alt rol de mai multe ori.
1.4.30.1.20. TRANDAFIR Claudia-Valentina 2761203170456 este titular și la alt rol de mai multe ori.
1.5.26.1.20. IURASCU Elena 2220306170014 este titular și la alt rol de mai multe ori.
1.5.27.1.20. SIMPETRU Toader 1470924170021 este titular și la alt rol de mai multe ori.
1.5.37.1.20. RINJA Novac 1580417170012 este titular și la alt rol de mai multe ori.
1.5.50.1.20. NIJNERU Ionel 1630928170014 este titular și la alt rol de mai multe ori.
1.6.1.1.20. TEPELUS Zamfira 2330419170016 este titular și la alt rol de mai multe ori.
1.6.20.1.20. BILBIE Mandita 2480501174893 este titular și la alt rol de mai multe ori.
1.6.3.1.20. IF TEPELUS Mioara 16643797CNP:"16643797" eronat. Mai puțin de 13 caractere.
1.6.33.1.20. MOVILA Gheorghe 1530704170027 este titular și la alt rol de mai multe ori.
1.6.4.1.20. IVASCU Ana 2551110170010 este titular și la alt rol de mai multe ori.
1.7.14.1.20. MALANCA Nicolai 1421112170013 este titular și la alt rol de mai multe ori.
1.7.18.1.20. MANEA Valeriu 1550106170019 este titular și la alt rol de mai multe ori.
1.7.28.1.20. MUNTEANU Panaite 1480927170011 este titular și la alt rol de mai multe ori.
1.7.39.1.20. POPA Sterian 1350208170015 este titular și la alt rol de mai multe ori.
1.7.44.1.20. MOCANU Maria 2451102170014 este titular și la alt rol de mai multe ori.
1.9.20.1.20. POTOLEA Elena 2320406170022 este titular și la alt rol de mai multe ori.
2.10.13.1.20. TRIF Ioan 1481114170018 este titular și la alt rol de mai multe ori.
2.10.19.1.20. SLABU Gheorghe 1481114170018 este titular și la alt rol de mai multe ori.
2.10.35.1.20. CRISTOFAN Gheorghe 1370813170015 este titular și la alt rol de mai multe ori.
2.10.42.1.20. II HALCOV Mihaela 31576594CNP:"31576594" eronat. Mai puțin de 13 caractere.
2.11.2.1.20. PADURARU Marinela 2700809170016 este titular și la alt rol de mai multe ori.
2.11.29.1.20. CIOLACU Ecaterina-Lucia 2280110400050 este titular și la alt rol de mai multe ori.
2.11.35.1.20. VICOL Constantin 1560707170388 este titular și la alt rol de mai multe ori.
2.11.39.1.20. NECULA Pandita 1030831170019 este titular și la alt rol de mai multe ori.
2.12.40.1.20. GHIMPU Gabriela 2550221040058 este titular și la alt rol de mai multe ori.
2.13.11.1.20. FILOTE Neculai 1530828170364 este titular și la alt rol de mai multe ori.
2.13.12.1.20. FILOTE Neculai 1530828170364 este titular și la alt rol de mai multe ori.
2.13.2.1.20. TEODOR Gheorghe 1330219220015 este titular și la alt rol de mai multe ori.
2.13.27.1.20. ASOLTANEI Georgette 2340103170310 este titular și la alt rol de mai multe ori.
2.13.34.1.20. TURICEANU Vironica 2500812040013 este titular și la alt rol de mai multe ori.
2.13.42.1.20. MUSTATA Miltiade 1430101400971 este titular și la alt rol de mai multe ori.
2.13.43.1.20. TEODORU Gheorghe 1330219220015 este titular și la alt rol de mai multe ori.
2.13.5.1.20. DAMASCHIN Mariana 2511115400091 este titular și la alt rol de mai multe ori.
2.13.6.1.20. DAMASCHIN Mariana 2511115400091 este titular și la alt rol de mai multe ori.
2.14.10.1.20. NECULA Anton 1280910170346 este titular și la alt rol de mai multe ori.
2.14.15.1.20. MLADIN Dumitra 2530902080066 este titular și la alt rol de mai multe ori.
2.14.29.1.20. TRIF Ioan 1481114170018 este titular și la alt rol de mai multe ori.
2.14.30.1.20. TOADER Ion 1351122170332 este titular și la alt rol de mai multe ori.
2.14.48.1.20. TEODOR Gheorghe 1330219220015 este titular și la alt rol de mai multe ori.
2.14.9.1.20. FILOTE Neculai 1530828170364 este titular și la alt rol de mai multe ori.
2.15.11.1.20. MANEA Grigore 1330131170321 este titular și la alt rol de mai multe ori.
2.15.12.1.20. II DUMBRAVA Oana-Ionela 34736762CNP:"34736762" eronat. Mai puțin de 13 caractere.
2.15.2.1.20. MANEA Neculai 1380116170341 este titular și la alt rol de mai multe ori.
2.15.8.1.20. HEINRICH Alexander Leopold 9000000709603CNP:"9000000709603" eronat. Nu începe cu caracterele: 1,2,3,4,5,6,7,8.
2.2.32.1.20. BULUC Adrian - Liviu 1540525364215 este titular și la alt rol de mai multe ori.
2.2.38.1.20. ILIESCU Costica 1451124370018 este titular și la alt rol de mai multe ori.
2.2.39.1.20. CIUBUCA Elena 2540807174894 este titular și la alt rol de mai multe ori.
2.2.4.1.20. MAXIM Maria 2440324170334 este titular și la alt rol de mai multe ori.
2.2.46.1.20. VILCU Anisoara 2710911170021 este titular și la alt rol de mai multe ori.
2.2.50.1.20. VELICHE Gheorghe 1521011170398 este titular și la alt rol de mai multe ori.
2.3.11.1.20. FILIUTA Sandu 1520428170353 este titular și la alt rol de mai multe ori.
2.3.27.1.20. TURICEANU Vironica 2500812040013 este titular și la alt rol de mai multe ori.
2.3.30.1.20. CIUPERCA Ecaterina 2460226170332 este titular și la alt rol de mai multe ori.
2.4.27.1.20. IACOB Elena 2521207170339 este titular și la alt rol de mai multe ori.
2.4.31.1.20. COMNEA Dumitra 2491030131211 este titular și la alt rol de mai multe ori.
2.4.34.1.20. MANEA Gheorghe 1341219370015 este titular și la alt rol de mai multe ori.
2.5.1.1.20. CHIRVASE Floreta 2350810170362 este titular și la alt rol de mai multe ori.
2.5.10.1.20. CHICULITA Liliana-Elisabeta 2410524173156 este titular și la alt rol de mai multe ori.
2.5.25.1.20. FILOTE Manole 1571004170383 este titular și la alt rol de mai multe ori.
2.5.40.1.20. DAN Toader 1281206170318 este titular și la alt rol de mai multe ori.
2.5.41.1.20. PETREA Jenica 2500706170409 este titular și la alt rol de mai multe ori.
2.5.47.1.20. SERBAN Maria 2430417170391 este titular și la alt rol de mai multe ori.
2.5.5.1.20. GHEORGHIU Ionel 1561014170372 este titular și la alt rol de mai multe ori.
2.5.9.1.20. MUNTEANU Eugenia 2331007170345 este titular și la alt rol de mai multe ori.
2.6.23.1.20. BUDEANU Eugenia 2510716170322 este titular și la alt rol de mai multe ori.
2.6.49.1.20. COMANESCU Tudora 2450625170010 este titular și la alt rol de mai multe ori.
2.7.15.1.20. BOLEA Ilie 1371010170019 este titular și la alt rol de mai multe ori.
2.7.6.1.20. FILIUTA Sandu 1520428170353 este titular și la alt rol de mai multe ori.
2.8.3.1.20. ANTOHE Emil 1520421170354 este titular și la alt rol de mai multe ori.
2.8.36.1.20. DUMBRAVA Costica 1360107170017 este titular și la alt rol de mai multe ori.
2.8.39.1.20. ZAHARIA Ioana 2391119170373 este titular și la alt rol de mai multe ori.
2.8.42.1.20. MIRON Vasile 1520915170331 este titular și la alt rol de mai multe ori.
2.8.44.1.20. TRASCULESCU Emil 1530523400426 este titular și la alt rol de mai multe ori.
2.8.46.1.20. PADURARU Dumitra 2371211170010 este titular și la alt rol de mai multe ori.
2.8.5.1.20. PRICOPE Andone 1280515170011 este titular și la alt rol de mai multe ori.
2.8.6.1.20. DATCU Ion 1201115170012 este titular și la alt rol de mai multe ori.
2.9.1.1.20. OSTACHE Mircea 1580919073527 este titular și la alt rol de mai multe ori.
2.9.11.1.20. POPA Costache 1260702170027 este titular și la alt rol de mai multe ori.
2.9.17.1.20. DOROBAT Minadora 2420211170015 este titular și la alt rol de mai multe ori.
2.9.3.1.20. SAMOILA Ioana 2331230170016 este titular și la alt rol de mai multe ori.
2.9.37.1.20. BIRLADEANU Costache 1290919170015 este titular și la alt rol de mai multe ori.
2.9.39.1.20. CIOLACU Ecaterina-Lucia 2280110400050 este titular și la alt rol de mai multe ori.
2.9.9.1.20. CHIRVASE Perecli 1100110170011 este titular și la alt rol de mai multe ori.
4.1.44.1.20. STATUL ROMAN  CIF:"" invalid, are mai puțin de 4 cifre.
1.1.2.1.xml sup
1.1.1.1.xml Syntax error in JOIN operation.
1.1.1.1.xml Syntax error in JOIN operation.
1.1.1.1.xml Input string was not in a correct format.
1.1.1.1.xml Input string was not in a correct format.
1.1.2.1.xml sup
1.1.2.1.xml sup
1.1.15.1.xml inloc
