C:\code\exportXml\bin\Debug\net5.0\XML\CAP0_34\3.1.1.1.xml The element 'persoanaJuridica' has incomplete content. List of possible elements expected: 'formaOrganizareRC'.
C:\code\exportXml\bin\Debug\net5.0\XML\CAP0_34\3.1.14.1.xml The element 'persoanaJuridica' has incomplete content. List of possible elements expected: 'formaOrganizareRC'.
C:\code\exportXml\bin\Debug\net5.0\XML\CAP0_34\3.1.16.1.xml The element 'persoanaJuridica' has incomplete content. List of possible elements expected: 'formaOrganizareRC'.
C:\code\exportXml\bin\Debug\net5.0\XML\CAP0_34\3.1.18.1.xml The element 'persoanaJuridica' has incomplete content. List of possible elements expected: 'formaOrganizareRC'.
C:\code\exportXml\bin\Debug\net5.0\XML\CAP0_34\3.1.2.1.xml The element 'persoanaJuridica' has incomplete content. List of possible elements expected: 'formaOrganizareRC'.
C:\code\exportXml\bin\Debug\net5.0\XML\CAP0_34\3.1.3.1.xml The element 'persoanaJuridica' has incomplete content. List of possible elements expected: 'formaOrganizareRC'.
C:\code\exportXml\bin\Debug\net5.0\XML\CAP0_34\3.1.4.1.xml The element 'persoanaJuridica' has incomplete content. List of possible elements expected: 'formaOrganizareRC'.
C:\code\exportXml\bin\Debug\net5.0\XML\CAP0_34\3.1.5.1.xml The element 'persoanaJuridica' has incomplete content. List of possible elements expected: 'formaOrganizareRC'.
C:\code\exportXml\bin\Debug\net5.0\XML\CAP0_34\3.1.8.1.xml The element 'persoanaJuridica' has incomplete content. List of possible elements expected: 'formaOrganizareRC'.
C:\code\exportXml\bin\Debug\net5.0\XML\CAP0_34\3.1.9.1.xml The element 'persoanaJuridica' has incomplete content. List of possible elements expected: 'formaOrganizareRC'.
C:\code\exportXml\bin\Debug\net5.0\XML\CAP0_34\4.1.10.1.xml The 'value' attribute is invalid - The value '' is invalid according to its datatype 'String' - The Pattern constraint failed.
C:\code\exportXml\bin\Debug\net5.0\XML\CAP0_34\4.1.11.1.xml The element 'persoanaJuridica' has incomplete content. List of possible elements expected: 'formaOrganizareRC'.
C:\code\exportXml\bin\Debug\net5.0\XML\CAP0_34\4.1.12.1.xml The element 'persoanaJuridica' has incomplete content. List of possible elements expected: 'formaOrganizareRC'.
C:\code\exportXml\bin\Debug\net5.0\XML\CAP0_34\4.1.14.1.xml The element 'persoanaJuridica' has incomplete content. List of possible elements expected: 'formaOrganizareRC'.
C:\code\exportXml\bin\Debug\net5.0\XML\CAP0_34\4.1.16.1.xml The element 'persoanaJuridica' has incomplete content. List of possible elements expected: 'formaOrganizareRC'.
C:\code\exportXml\bin\Debug\net5.0\XML\CAP0_34\4.1.18.1.xml The element 'persoanaJuridica' has incomplete content. List of possible elements expected: 'formaOrganizareRC'.
C:\code\exportXml\bin\Debug\net5.0\XML\CAP0_34\4.1.19.1.xml The element 'persoanaJuridica' has incomplete content. List of possible elements expected: 'formaOrganizareRC'.
C:\code\exportXml\bin\Debug\net5.0\XML\CAP0_34\4.1.2.1.xml The element 'persoanaJuridica' has incomplete content. List of possible elements expected: 'formaOrganizareRC'.
C:\code\exportXml\bin\Debug\net5.0\XML\CAP0_34\4.1.21.1.xml The 'formaOrganizareRC' element is invalid - The value '' is invalid according to its datatype 'NString' - The actual length is less than the MinLength value.
C:\code\exportXml\bin\Debug\net5.0\XML\CAP0_34\4.1.22.1.xml The 'value' attribute is invalid - The value '' is invalid according to its datatype 'String' - The Pattern constraint failed.
C:\code\exportXml\bin\Debug\net5.0\XML\CAP0_34\4.1.23.1.xml The 'formaOrganizareRC' element is invalid - The value '' is invalid according to its datatype 'NString' - The actual length is less than the MinLength value.
C:\code\exportXml\bin\Debug\net5.0\XML\CAP0_34\4.1.24.1.xml The element 'persoanaJuridica' has incomplete content. List of possible elements expected: 'formaOrganizareRC'.
C:\code\exportXml\bin\Debug\net5.0\XML\CAP0_34\4.1.25.1.xml The element 'persoanaJuridica' has incomplete content. List of possible elements expected: 'formaOrganizareRC'.
C:\code\exportXml\bin\Debug\net5.0\XML\CAP0_34\4.1.26.1.xml The 'value' attribute is invalid - The value '' is invalid according to its datatype 'String' - The Pattern constraint failed.
C:\code\exportXml\bin\Debug\net5.0\XML\CAP0_34\4.1.29.1.xml The element 'persoanaJuridica' has incomplete content. List of possible elements expected: 'formaOrganizareRC'.
C:\code\exportXml\bin\Debug\net5.0\XML\CAP0_34\4.1.30.1.xml The element 'persoanaJuridica' has incomplete content. List of possible elements expected: 'formaOrganizareRC'.
C:\code\exportXml\bin\Debug\net5.0\XML\CAP0_34\4.1.31.1.xml The element 'persoanaJuridica' has incomplete content. List of possible elements expected: 'formaOrganizareRC'.
C:\code\exportXml\bin\Debug\net5.0\XML\CAP0_34\4.1.33.1.xml The 'value' attribute is invalid - The value '' is invalid according to its datatype 'String' - The Pattern constraint failed.
C:\code\exportXml\bin\Debug\net5.0\XML\CAP0_34\4.1.34.1.xml The element 'persoanaJuridica' has incomplete content. List of possible elements expected: 'formaOrganizareRC'.
C:\code\exportXml\bin\Debug\net5.0\XML\CAP0_34\4.1.4.1.xml The element 'persoanaJuridica' has incomplete content. List of possible elements expected: 'formaOrganizareRC'.
C:\code\exportXml\bin\Debug\net5.0\XML\CAP0_34\4.1.41.1.xml The element 'persoanaJuridica' has incomplete content. List of possible elements expected: 'formaOrganizareRC'.
C:\code\exportXml\bin\Debug\net5.0\XML\CAP0_34\4.1.43.1.xml The element 'persoanaJuridica' has incomplete content. List of possible elements expected: 'formaOrganizareRC'.
C:\code\exportXml\bin\Debug\net5.0\XML\CAP0_34\4.1.6.1.xml The element 'persoanaJuridica' has incomplete content. List of possible elements expected: 'formaOrganizareRC'.
C:\code\exportXml\bin\Debug\net5.0\XML\CAP0_34\4.1.8.1.xml The 'value' attribute is invalid - The value '' is invalid according to its datatype 'String' - The Pattern constraint failed.
C:\code\exportXml\bin\Debug\net5.0\XML\CAP0_34\4.1.9.1.xml The element 'persoanaJuridica' has incomplete content. List of possible elements expected: 'formaOrganizareRC'.
C:\code\exportXml\bin\Debug\net5.0\XML\CAP4a1\1.1.1.1.xml The element 'capitol_4a1' has incomplete content. List of possible elements expected: 'cultura_speciala_in_camp'.
C:\code\exportXml\bin\Debug\net5.0\XML\CAP4a1\1.1.1.1.xml The element 'capitol_4a1' has incomplete content. List of possible elements expected: 'cultura_speciala_in_camp'.
C:\code\exportXml\bin\Debug\net5.0\XML\CAP4b1\1.1.1.1.xml The element 'cultura_in_sere' has invalid child element 'nrARI'. List of possible elements expected: 'nrMP'.
C:\code\exportXml\bin\Debug\net5.0\XML\CAP4b1\1.1.1.1.xml The 'value' attribute is invalid - The value '3,5' is invalid according to its datatype 'Int' - The string '3,5' is not a valid Int32 value.
C:\code\exportXml\bin\Debug\net5.0\XML\CAP4b1\1.1.2.1.xml The 'value' attribute is invalid - The value '1,5' is invalid according to its datatype 'Int' - The string '1,5' is not a valid Int32 value.
C:\code\exportXml\bin\Debug\net5.0\XML\CAP4b2\1.1.31.1.xml The element 'capitol_4b2' has incomplete content. List of possible elements expected: 'cultura_in_spatiu_protejat'.
C:\code\exportXml\bin\Debug\net5.0\XML\CAP4b2\1.1.38.1.xml The element 'capitol_4b2' has incomplete content. List of possible elements expected: 'cultura_in_spatiu_protejat'.
C:\code\exportXml\bin\Debug\net5.0\XML\CAP4b2\1.1.46.1.xml The element 'capitol_4b2' has incomplete content. List of possible elements expected: 'cultura_in_spatiu_protejat'.
C:\code\exportXml\bin\Debug\net5.0\XML\CAP4b2\1.11.16.1.xml The element 'capitol_4b2' has incomplete content. List of possible elements expected: 'cultura_in_spatiu_protejat'.
C:\code\exportXml\bin\Debug\net5.0\XML\CAP4b2\1.11.24.1.xml The element 'capitol_4b2' has incomplete content. List of possible elements expected: 'cultura_in_spatiu_protejat'.
C:\code\exportXml\bin\Debug\net5.0\XML\CAP4b2\1.11.47.1.xml The element 'capitol_4b2' has incomplete content. List of possible elements expected: 'cultura_in_spatiu_protejat'.
C:\code\exportXml\bin\Debug\net5.0\XML\CAP4b2\1.12.1.1.xml The element 'capitol_4b2' has incomplete content. List of possible elements expected: 'cultura_in_spatiu_protejat'.
C:\code\exportXml\bin\Debug\net5.0\XML\CAP4b2\1.12.14.1.xml The element 'capitol_4b2' has incomplete content. List of possible elements expected: 'cultura_in_spatiu_protejat'.
C:\code\exportXml\bin\Debug\net5.0\XML\CAP4b2\1.12.6.1.xml The element 'capitol_4b2' has incomplete content. List of possible elements expected: 'cultura_in_spatiu_protejat'.
C:\code\exportXml\bin\Debug\net5.0\XML\CAP4b2\1.14.45.1.xml The element 'capitol_4b2' has incomplete content. List of possible elements expected: 'cultura_in_spatiu_protejat'.
C:\code\exportXml\bin\Debug\net5.0\XML\CAP4b2\1.14.46.1.xml The element 'capitol_4b2' has incomplete content. List of possible elements expected: 'cultura_in_spatiu_protejat'.
C:\code\exportXml\bin\Debug\net5.0\XML\CAP4b2\1.15.37.1.xml The element 'capitol_4b2' has incomplete content. List of possible elements expected: 'cultura_in_spatiu_protejat'.
C:\code\exportXml\bin\Debug\net5.0\XML\CAP4b2\1.15.40.1.xml The element 'capitol_4b2' has incomplete content. List of possible elements expected: 'cultura_in_spatiu_protejat'.
C:\code\exportXml\bin\Debug\net5.0\XML\CAP4b2\1.15.5.1.xml The element 'capitol_4b2' has incomplete content. List of possible elements expected: 'cultura_in_spatiu_protejat'.
C:\code\exportXml\bin\Debug\net5.0\XML\CAP4b2\1.16.10.1.xml The element 'capitol_4b2' has incomplete content. List of possible elements expected: 'cultura_in_spatiu_protejat'.
C:\code\exportXml\bin\Debug\net5.0\XML\CAP4b2\1.16.11.1.xml The element 'capitol_4b2' has incomplete content. List of possible elements expected: 'cultura_in_spatiu_protejat'.
C:\code\exportXml\bin\Debug\net5.0\XML\CAP4b2\1.16.27.1.xml The element 'capitol_4b2' has incomplete content. List of possible elements expected: 'cultura_in_spatiu_protejat'.
C:\code\exportXml\bin\Debug\net5.0\XML\CAP4b2\1.16.41.1.xml The element 'capitol_4b2' has incomplete content. List of possible elements expected: 'cultura_in_spatiu_protejat'.
C:\code\exportXml\bin\Debug\net5.0\XML\CAP4b2\1.16.42.1.xml The element 'capitol_4b2' has incomplete content. List of possible elements expected: 'cultura_in_spatiu_protejat'.
C:\code\exportXml\bin\Debug\net5.0\XML\CAP4b2\1.16.49.1.xml The element 'capitol_4b2' has incomplete content. List of possible elements expected: 'cultura_in_spatiu_protejat'.
C:\code\exportXml\bin\Debug\net5.0\XML\CAP4b2\1.17.12.1.xml The element 'capitol_4b2' has incomplete content. List of possible elements expected: 'cultura_in_spatiu_protejat'.
C:\code\exportXml\bin\Debug\net5.0\XML\CAP4b2\1.17.16.1.xml The element 'capitol_4b2' has incomplete content. List of possible elements expected: 'cultura_in_spatiu_protejat'.
C:\code\exportXml\bin\Debug\net5.0\XML\CAP4b2\1.17.27.1.xml The element 'capitol_4b2' has incomplete content. List of possible elements expected: 'cultura_in_spatiu_protejat'.
C:\code\exportXml\bin\Debug\net5.0\XML\CAP4b2\1.18.35.1.xml The element 'capitol_4b2' has incomplete content. List of possible elements expected: 'cultura_in_spatiu_protejat'.
C:\code\exportXml\bin\Debug\net5.0\XML\CAP4b2\1.18.37.1.xml The element 'capitol_4b2' has incomplete content. List of possible elements expected: 'cultura_in_spatiu_protejat'.
C:\code\exportXml\bin\Debug\net5.0\XML\CAP4b2\1.18.42.1.xml The element 'capitol_4b2' has incomplete content. List of possible elements expected: 'cultura_in_spatiu_protejat'.
C:\code\exportXml\bin\Debug\net5.0\XML\CAP4b2\1.18.44.1.xml The element 'capitol_4b2' has incomplete content. List of possible elements expected: 'cultura_in_spatiu_protejat'.
C:\code\exportXml\bin\Debug\net5.0\XML\CAP4b2\1.19.3.1.xml The element 'capitol_4b2' has incomplete content. List of possible elements expected: 'cultura_in_spatiu_protejat'.
C:\code\exportXml\bin\Debug\net5.0\XML\CAP4b2\1.19.43.1.xml The element 'capitol_4b2' has incomplete content. List of possible elements expected: 'cultura_in_spatiu_protejat'.
C:\code\exportXml\bin\Debug\net5.0\XML\CAP4b2\1.19.47.1.xml The element 'capitol_4b2' has incomplete content. List of possible elements expected: 'cultura_in_spatiu_protejat'.
C:\code\exportXml\bin\Debug\net5.0\XML\CAP4b2\1.2.50.1.xml The element 'capitol_4b2' has incomplete content. List of possible elements expected: 'cultura_in_spatiu_protejat'.
C:\code\exportXml\bin\Debug\net5.0\XML\CAP4b2\1.2.8.1.xml The element 'capitol_4b2' has incomplete content. List of possible elements expected: 'cultura_in_spatiu_protejat'.
C:\code\exportXml\bin\Debug\net5.0\XML\CAP4b2\1.22.42.1.xml The element 'capitol_4b2' has incomplete content. List of possible elements expected: 'cultura_in_spatiu_protejat'.
C:\code\exportXml\bin\Debug\net5.0\XML\CAP4b2\1.23.15.1.xml The element 'capitol_4b2' has incomplete content. List of possible elements expected: 'cultura_in_spatiu_protejat'.
C:\code\exportXml\bin\Debug\net5.0\XML\CAP4b2\1.23.9.1.xml The element 'capitol_4b2' has incomplete content. List of possible elements expected: 'cultura_in_spatiu_protejat'.
C:\code\exportXml\bin\Debug\net5.0\XML\CAP4b2\1.25.13.1.xml The element 'capitol_4b2' has incomplete content. List of possible elements expected: 'cultura_in_spatiu_protejat'.
C:\code\exportXml\bin\Debug\net5.0\XML\CAP4b2\1.25.46.1.xml The element 'capitol_4b2' has incomplete content. List of possible elements expected: 'cultura_in_spatiu_protejat'.
C:\code\exportXml\bin\Debug\net5.0\XML\CAP4b2\1.26.1.1.xml The element 'capitol_4b2' has incomplete content. List of possible elements expected: 'cultura_in_spatiu_protejat'.
C:\code\exportXml\bin\Debug\net5.0\XML\CAP4b2\1.26.11.1.xml The element 'capitol_4b2' has incomplete content. List of possible elements expected: 'cultura_in_spatiu_protejat'.
C:\code\exportXml\bin\Debug\net5.0\XML\CAP4b2\1.26.27.1.xml The element 'capitol_4b2' has incomplete content. List of possible elements expected: 'cultura_in_spatiu_protejat'.
C:\code\exportXml\bin\Debug\net5.0\XML\CAP4b2\1.26.30.1.xml The element 'capitol_4b2' has incomplete content. List of possible elements expected: 'cultura_in_spatiu_protejat'.
C:\code\exportXml\bin\Debug\net5.0\XML\CAP4b2\1.28.1.1.xml The element 'capitol_4b2' has incomplete content. List of possible elements expected: 'cultura_in_spatiu_protejat'.
C:\code\exportXml\bin\Debug\net5.0\XML\CAP4b2\1.28.31.1.xml The element 'capitol_4b2' has incomplete content. List of possible elements expected: 'cultura_in_spatiu_protejat'.
C:\code\exportXml\bin\Debug\net5.0\XML\CAP4b2\1.3.14.1.xml The element 'capitol_4b2' has incomplete content. List of possible elements expected: 'cultura_in_spatiu_protejat'.
C:\code\exportXml\bin\Debug\net5.0\XML\CAP4b2\1.3.27.1.xml The element 'capitol_4b2' has incomplete content. List of possible elements expected: 'cultura_in_spatiu_protejat'.
C:\code\exportXml\bin\Debug\net5.0\XML\CAP4b2\1.4.48.1.xml The element 'capitol_4b2' has incomplete content. List of possible elements expected: 'cultura_in_spatiu_protejat'.
C:\code\exportXml\bin\Debug\net5.0\XML\CAP4b2\1.6.28.1.xml The element 'capitol_4b2' has incomplete content. List of possible elements expected: 'cultura_in_spatiu_protejat'.
C:\code\exportXml\bin\Debug\net5.0\XML\CAP4b2\1.6.29.1.xml The element 'capitol_4b2' has incomplete content. List of possible elements expected: 'cultura_in_spatiu_protejat'.
C:\code\exportXml\bin\Debug\net5.0\XML\CAP4b2\1.6.31.1.xml The element 'capitol_4b2' has incomplete content. List of possible elements expected: 'cultura_in_spatiu_protejat'.
C:\code\exportXml\bin\Debug\net5.0\XML\CAP4b2\1.6.34.1.xml The element 'capitol_4b2' has incomplete content. List of possible elements expected: 'cultura_in_spatiu_protejat'.
C:\code\exportXml\bin\Debug\net5.0\XML\CAP4b2\1.8.27.1.xml The element 'capitol_4b2' has incomplete content. List of possible elements expected: 'cultura_in_spatiu_protejat'.
C:\code\exportXml\bin\Debug\net5.0\XML\CAP4b2\2.2.6.1.xml The element 'capitol_4b2' has incomplete content. List of possible elements expected: 'cultura_in_spatiu_protejat'.
C:\code\exportXml\bin\Debug\net5.0\XML\CAP4b2\1.1.31.1.xml The element 'capitol_4b2' has incomplete content. List of possible elements expected: 'cultura_in_spatiu_protejat'.
C:\code\exportXml\bin\Debug\net5.0\XML\CAP4b2\1.1.38.1.xml The element 'capitol_4b2' has incomplete content. List of possible elements expected: 'cultura_in_spatiu_protejat'.
C:\code\exportXml\bin\Debug\net5.0\XML\CAP4b2\1.1.46.1.xml The element 'capitol_4b2' has incomplete content. List of possible elements expected: 'cultura_in_spatiu_protejat'.
C:\code\exportXml\bin\Debug\net5.0\XML\CAP4b2\1.11.16.1.xml The element 'capitol_4b2' has incomplete content. List of possible elements expected: 'cultura_in_spatiu_protejat'.
C:\code\exportXml\bin\Debug\net5.0\XML\CAP4b2\1.11.24.1.xml The element 'capitol_4b2' has incomplete content. List of possible elements expected: 'cultura_in_spatiu_protejat'.
C:\code\exportXml\bin\Debug\net5.0\XML\CAP4b2\1.11.47.1.xml The element 'capitol_4b2' has incomplete content. List of possible elements expected: 'cultura_in_spatiu_protejat'.
C:\code\exportXml\bin\Debug\net5.0\XML\CAP4b2\1.12.1.1.xml The element 'capitol_4b2' has incomplete content. List of possible elements expected: 'cultura_in_spatiu_protejat'.
C:\code\exportXml\bin\Debug\net5.0\XML\CAP4b2\1.12.14.1.xml The element 'capitol_4b2' has incomplete content. List of possible elements expected: 'cultura_in_spatiu_protejat'.
C:\code\exportXml\bin\Debug\net5.0\XML\CAP4b2\1.12.6.1.xml The element 'capitol_4b2' has incomplete content. List of possible elements expected: 'cultura_in_spatiu_protejat'.
C:\code\exportXml\bin\Debug\net5.0\XML\CAP4b2\1.14.45.1.xml The element 'capitol_4b2' has incomplete content. List of possible elements expected: 'cultura_in_spatiu_protejat'.
C:\code\exportXml\bin\Debug\net5.0\XML\CAP4b2\1.14.46.1.xml The element 'capitol_4b2' has incomplete content. List of possible elements expected: 'cultura_in_spatiu_protejat'.
C:\code\exportXml\bin\Debug\net5.0\XML\CAP4b2\1.15.37.1.xml The element 'capitol_4b2' has incomplete content. List of possible elements expected: 'cultura_in_spatiu_protejat'.
C:\code\exportXml\bin\Debug\net5.0\XML\CAP4b2\1.15.40.1.xml The element 'capitol_4b2' has incomplete content. List of possible elements expected: 'cultura_in_spatiu_protejat'.
C:\code\exportXml\bin\Debug\net5.0\XML\CAP4b2\1.15.5.1.xml The element 'capitol_4b2' has incomplete content. List of possible elements expected: 'cultura_in_spatiu_protejat'.
C:\code\exportXml\bin\Debug\net5.0\XML\CAP4b2\1.16.10.1.xml The element 'capitol_4b2' has incomplete content. List of possible elements expected: 'cultura_in_spatiu_protejat'.
C:\code\exportXml\bin\Debug\net5.0\XML\CAP4b2\1.16.11.1.xml The element 'capitol_4b2' has incomplete content. List of possible elements expected: 'cultura_in_spatiu_protejat'.
C:\code\exportXml\bin\Debug\net5.0\XML\CAP4b2\1.16.27.1.xml The element 'capitol_4b2' has incomplete content. List of possible elements expected: 'cultura_in_spatiu_protejat'.
C:\code\exportXml\bin\Debug\net5.0\XML\CAP4b2\1.16.41.1.xml The element 'capitol_4b2' has incomplete content. List of possible elements expected: 'cultura_in_spatiu_protejat'.
C:\code\exportXml\bin\Debug\net5.0\XML\CAP4b2\1.16.42.1.xml The element 'capitol_4b2' has incomplete content. List of possible elements expected: 'cultura_in_spatiu_protejat'.
C:\code\exportXml\bin\Debug\net5.0\XML\CAP4b2\1.16.49.1.xml The element 'capitol_4b2' has incomplete content. List of possible elements expected: 'cultura_in_spatiu_protejat'.
C:\code\exportXml\bin\Debug\net5.0\XML\CAP4b2\1.17.12.1.xml The element 'capitol_4b2' has incomplete content. List of possible elements expected: 'cultura_in_spatiu_protejat'.
C:\code\exportXml\bin\Debug\net5.0\XML\CAP4b2\1.17.16.1.xml The element 'capitol_4b2' has incomplete content. List of possible elements expected: 'cultura_in_spatiu_protejat'.
C:\code\exportXml\bin\Debug\net5.0\XML\CAP4b2\1.17.27.1.xml The element 'capitol_4b2' has incomplete content. List of possible elements expected: 'cultura_in_spatiu_protejat'.
C:\code\exportXml\bin\Debug\net5.0\XML\CAP4b2\1.18.35.1.xml The element 'capitol_4b2' has incomplete content. List of possible elements expected: 'cultura_in_spatiu_protejat'.
C:\code\exportXml\bin\Debug\net5.0\XML\CAP4b2\1.18.37.1.xml The element 'capitol_4b2' has incomplete content. List of possible elements expected: 'cultura_in_spatiu_protejat'.
C:\code\exportXml\bin\Debug\net5.0\XML\CAP4b2\1.18.42.1.xml The element 'capitol_4b2' has incomplete content. List of possible elements expected: 'cultura_in_spatiu_protejat'.
C:\code\exportXml\bin\Debug\net5.0\XML\CAP4b2\1.18.44.1.xml The element 'capitol_4b2' has incomplete content. List of possible elements expected: 'cultura_in_spatiu_protejat'.
C:\code\exportXml\bin\Debug\net5.0\XML\CAP4b2\1.19.3.1.xml The element 'capitol_4b2' has incomplete content. List of possible elements expected: 'cultura_in_spatiu_protejat'.
C:\code\exportXml\bin\Debug\net5.0\XML\CAP4b2\1.19.43.1.xml The element 'capitol_4b2' has incomplete content. List of possible elements expected: 'cultura_in_spatiu_protejat'.
C:\code\exportXml\bin\Debug\net5.0\XML\CAP4b2\1.19.47.1.xml The element 'capitol_4b2' has incomplete content. List of possible elements expected: 'cultura_in_spatiu_protejat'.
C:\code\exportXml\bin\Debug\net5.0\XML\CAP4b2\1.2.50.1.xml The element 'capitol_4b2' has incomplete content. List of possible elements expected: 'cultura_in_spatiu_protejat'.
C:\code\exportXml\bin\Debug\net5.0\XML\CAP4b2\1.2.8.1.xml The element 'capitol_4b2' has incomplete content. List of possible elements expected: 'cultura_in_spatiu_protejat'.
C:\code\exportXml\bin\Debug\net5.0\XML\CAP4b2\1.22.42.1.xml The element 'capitol_4b2' has incomplete content. List of possible elements expected: 'cultura_in_spatiu_protejat'.
C:\code\exportXml\bin\Debug\net5.0\XML\CAP4b2\1.23.15.1.xml The element 'capitol_4b2' has incomplete content. List of possible elements expected: 'cultura_in_spatiu_protejat'.
C:\code\exportXml\bin\Debug\net5.0\XML\CAP4b2\1.23.9.1.xml The element 'capitol_4b2' has incomplete content. List of possible elements expected: 'cultura_in_spatiu_protejat'.
C:\code\exportXml\bin\Debug\net5.0\XML\CAP4b2\1.25.13.1.xml The element 'capitol_4b2' has incomplete content. List of possible elements expected: 'cultura_in_spatiu_protejat'.
C:\code\exportXml\bin\Debug\net5.0\XML\CAP4b2\1.25.46.1.xml The element 'capitol_4b2' has incomplete content. List of possible elements expected: 'cultura_in_spatiu_protejat'.
C:\code\exportXml\bin\Debug\net5.0\XML\CAP4b2\1.26.1.1.xml The element 'capitol_4b2' has incomplete content. List of possible elements expected: 'cultura_in_spatiu_protejat'.
C:\code\exportXml\bin\Debug\net5.0\XML\CAP4b2\1.26.11.1.xml The element 'capitol_4b2' has incomplete content. List of possible elements expected: 'cultura_in_spatiu_protejat'.
C:\code\exportXml\bin\Debug\net5.0\XML\CAP4b2\1.26.27.1.xml The element 'capitol_4b2' has incomplete content. List of possible elements expected: 'cultura_in_spatiu_protejat'.
C:\code\exportXml\bin\Debug\net5.0\XML\CAP4b2\1.26.30.1.xml The element 'capitol_4b2' has incomplete content. List of possible elements expected: 'cultura_in_spatiu_protejat'.
C:\code\exportXml\bin\Debug\net5.0\XML\CAP4b2\1.28.1.1.xml The element 'capitol_4b2' has incomplete content. List of possible elements expected: 'cultura_in_spatiu_protejat'.
C:\code\exportXml\bin\Debug\net5.0\XML\CAP4b2\1.28.31.1.xml The element 'capitol_4b2' has incomplete content. List of possible elements expected: 'cultura_in_spatiu_protejat'.
C:\code\exportXml\bin\Debug\net5.0\XML\CAP4b2\1.3.14.1.xml The element 'capitol_4b2' has incomplete content. List of possible elements expected: 'cultura_in_spatiu_protejat'.
C:\code\exportXml\bin\Debug\net5.0\XML\CAP4b2\1.3.27.1.xml The element 'capitol_4b2' has incomplete content. List of possible elements expected: 'cultura_in_spatiu_protejat'.
C:\code\exportXml\bin\Debug\net5.0\XML\CAP4b2\1.4.48.1.xml The element 'capitol_4b2' has incomplete content. List of possible elements expected: 'cultura_in_spatiu_protejat'.
C:\code\exportXml\bin\Debug\net5.0\XML\CAP4b2\1.6.28.1.xml The element 'capitol_4b2' has incomplete content. List of possible elements expected: 'cultura_in_spatiu_protejat'.
C:\code\exportXml\bin\Debug\net5.0\XML\CAP4b2\1.6.29.1.xml The element 'capitol_4b2' has incomplete content. List of possible elements expected: 'cultura_in_spatiu_protejat'.
C:\code\exportXml\bin\Debug\net5.0\XML\CAP4b2\1.6.31.1.xml The element 'capitol_4b2' has incomplete content. List of possible elements expected: 'cultura_in_spatiu_protejat'.
C:\code\exportXml\bin\Debug\net5.0\XML\CAP4b2\1.6.34.1.xml The element 'capitol_4b2' has incomplete content. List of possible elements expected: 'cultura_in_spatiu_protejat'.
C:\code\exportXml\bin\Debug\net5.0\XML\CAP4b2\1.8.27.1.xml The element 'capitol_4b2' has incomplete content. List of possible elements expected: 'cultura_in_spatiu_protejat'.
C:\code\exportXml\bin\Debug\net5.0\XML\CAP4b2\2.2.6.1.xml The element 'capitol_4b2' has incomplete content. List of possible elements expected: 'cultura_in_spatiu_protejat'.
