1.1.31.6.19. STAMATE Mircea 1390907130046
1.1.59.4.19. BRANGA Nicolae 1300801130018
1.1.65.4.19. JUMARA Tache 1380730130031
1.1.74.4.19. ALEXE Constantin 1610208130012
1.1.83.5.21. RADU Dumitru 1650112510022
1.1.87.5.19. MIRCEA Marin 1540707130032
1.10.932.1.11. CRUDU Gheorghe 1790717130031
1.2.107.6.19. BORUZ Victor 1680320130012
1.2.108.6.19. CRUCERU Gheorghita 1660520130013
1.2.111.4.21. JECU Marian 1751203130019
1.2.111.6.19. IVANOV Vasile 1500303130034
1.2.120.2.19. BANU Marin 1551118130011
1.2.127.1.19. MOCANU Octavian 1630404131228
1.2.152.2.19. CRACIUNESCU Marian 1690228130035
1.2.159.1.19. DUMITRU Radu 1590419511661
1.2.162.5.20. RADU Marcel 1700712130042
1.2.164.5.20. DRAGULIN Gheorghe 1550217510015
1.2.169.2.19. BUGEACLAU Matilda 2771101510038
1.2.176.2.19. TRUSCA Paulica 1741227130012
1.2.179.1.19. TARPAN Marius 1780815130015
1.2.194.2.18. COVACIU Gabriel 1860406132476
1.2.194.5.20. VASILE Petrica 1770224130026
1.2.196.1.19. TIRIS Ionut-Gicu 1801016132479
1.2.55.1.13. STANEMIR Ilinca 2470222130015
1.2.82.1.19. BORUZ Marius-Valentin 1901027132801
1.2.84.1.13. TONCEA Constantin 1511007130025
1.2.85.1.13. ENACHE Dorina 2431021130013
1.3.209.2.18. MOSU Petra 2431108130015
1.3.209.5.20. MANOLE Mihai 1800416134291
1.3.235.2.17. CRACIUNESCU Dumitru 1650725130032
1.3.245.2.17. MANEA Georgel 1600702130032
1.3.292.2.10. VIZIRU Stefan 1621215130035
1.4.302.2.21. TUDOR Sandu 1811106134188
1.4.324.2.17. VOICU Dumitru 1440306510032
1.4.344.2.11. BARAITARU Marin 1451122130014
1.4.345.2.11. BUCUREASA Andrei 1791128084759
1.4.356.1.19. RAIU Cornel 1810307132837
1.4.371.1.21. CARACULEA Radita 2450714130017
1.4.382.1.14. SIMA Anisoara 2670306135299
1.5.413.1.18. SACEANU Elena 1750415130024
1.5.427.1.19. COCOR Dragana 2660430130017
1.5.434.1.18. PAENALTE Puiu 1730916130010
1.6.556.1.19. MANOLE Ion 1680226130015
1.6.591.1.18. PAVEL Danut 1671119130017
1.7.621.1.19. CHIREA Gheorghe 1541012130013
1.7.655.1.18. CERCEL Vasile 1671224130020
1.7.686.1.19. ZAIM Vasile 1431005130038
1.8.716.1.19. ANGHEL Gheorghe 1400922130011
1.8.730.1.19. CARACASI Stefan 1460117130011
1.8.747.1.14. ILIESCU Aurica 2291014130012
1.8.783.1.14. COMSA Cornel 1520822130037
1.9.868.1.21. GHEORGHE Stefan 1741002130010
1.9.883.1.14. DUMITRIU Ivanciu 1510113131235
2.3.274.1.19. PAUN Valentin 1750714510026
2.3.298.1.19. TANASESCU Florica 2540804131285
2.4.356.1.19. CROITORIU Vasile 1660421274814
2.4.360.2.18. BARBU Rene-Marius 1771008510058
2.4.378.1.19. MUNTEANU Bogdan-Ionut 1880201375520
